<?xml version="1.0" encoding="UTF-8"?>
<!-- Generated by org.testng.reporters.JUnitReportReporter -->
<testsuite hostname="DESKTOP-KIS4N2E" failures="0" tests="1" name="eCommerceProject.Amazon" time="11.352" errors="0" timestamp="2023-07-25T09:24:01 IST" skipped="0">
  <testcase classname="eCommerceProject.Amazon" name="azmazonTest" time="11.352"/>
  <system-out>
    <![CDATA[opening amzon]]>
  </system-out>
</testsuite> <!-- eCommerceProject.Amazon -->
