<?xml version="1.0" encoding="UTF-8"?>
<!-- Generated by org.testng.reporters.JUnitReportReporter -->
<testsuite hostname="DESKTOP-KIS4N2E" failures="0" tests="1" name="eCommerceProject.FlipKart" time="16.513" errors="0" timestamp="2023-07-25T09:24:01 IST" skipped="0">
  <testcase classname="eCommerceProject.FlipKart" name="flipKartTest" time="16.513"/>
  <system-out>
    <![CDATA[opening flipkart]]>
  </system-out>
</testsuite> <!-- eCommerceProject.FlipKart -->
